<?xml version="1.0" encoding="UTF-8"?>
<!-- Generated by org.testng.reporters.JUnitReportReporter -->
<testsuite hostname="Hariharan" failures="0" tests="3" name="Redbus.Homepage" time="25.389" errors="0" timestamp="2023-12-21T15:17:49 IST" skipped="0">
  <testcase classname="Redbus.Homepage" name="amazonSourceURL1" time="9.849"/>
  <testcase classname="Redbus.Homepage" name="amazonHomePageTitle1" time="7.905"/>
  <testcase classname="Redbus.Homepage" name="amazonHomePageTitle2" time="7.635"/>
</testsuite> <!-- Redbus.Homepage -->
